<?xml version="1.0" encoding="UTF-8"?>
<!-- Generated by org.testng.reporters.JUnitReportReporter -->
<testsuite hostname="LAPTOP-P0IKIE2B" failures="0" tests="1" name="testCases.TC_002_LoginTest" time="3.263" errors="0" timestamp="2023-06-15T15:57:50 IST" skipped="0">
  <testcase classname="testCases.TC_002_LoginTest" name="test_login" time="3.263"/>
  <system-out/>
</testsuite> <!-- testCases.TC_002_LoginTest -->
