<?xml version="1.0" encoding="UTF-8"?>
<!-- Generated by org.testng.reporters.JUnitReportReporter -->
<testsuite hostname="LAPTOP-P0IKIE2B" failures="0" tests="1" name="testCases.TC_001_AccountRegistrationTest" time="2.621" errors="0" timestamp="2023-06-22T00:40:33 IST" skipped="0">
  <testcase classname="testCases.TC_001_AccountRegistrationTest" name="test_account_Registration" time="2.621"/>
  <system-out/>
</testsuite> <!-- testCases.TC_001_AccountRegistrationTest -->
